mode: set
learngo/norepeating/nonrepeating.go:5.13,13.2 7 0
learngo/norepeating/nonrepeating.go:14.47,18.31 4 0
learngo/norepeating/nonrepeating.go:28.2,28.18 1 0
learngo/norepeating/nonrepeating.go:18.31,20.27 2 0
learngo/norepeating/nonrepeating.go:23.3,23.28 1 0
learngo/norepeating/nonrepeating.go:26.3,26.23 1 0
learngo/norepeating/nonrepeating.go:20.27,22.4 1 0
learngo/norepeating/nonrepeating.go:23.28,25.4 1 0
learngo/norepeating/nonrepeating.go:31.48,35.31 4 1
learngo/norepeating/nonrepeating.go:45.2,45.18 1 1
learngo/norepeating/nonrepeating.go:35.31,37.27 2 1
learngo/norepeating/nonrepeating.go:40.3,40.28 1 1
learngo/norepeating/nonrepeating.go:43.3,43.23 1 1
learngo/norepeating/nonrepeating.go:37.27,39.4 1 1
learngo/norepeating/nonrepeating.go:40.28,42.4 1 1
